<?xml version="1.0" encoding="UTF-8"?>
<!-- Generated by org.testng.reporters.JUnitReportReporter -->
<testsuite skipped="0" hostname="DESKTOP-LDBFP7D" name="Selenium.SeleniumTest" tests="1" failures="0" timestamp="2020-02-14T00:55:20 IST" time="7.345" errors="0">
  <testcase name="table" time="7.345" classname="Selenium.SeleniumTest"/>
</testsuite> <!-- Selenium.SeleniumTest -->
